build/intermediates/manifest_merge_blame_file/release/manifest-merger-blame-release-report.txt
1<?xml version="1.0" encoding="utf-8"?>
2<manifest xmlns:android="http://schemas.android.com/apk/res/android"
3    package="com.becomedigital.sdk.identity.becomedigitalsdkiv.mb"
4    android:versionCode="2"
5    android:versionName="4.6.0" >
6
7    <uses-sdk
8        android:minSdkVersion="21"
8-->src/main/AndroidManifest.xml
9        android:targetSdkVersion="31" />
9-->src/main/AndroidManifest.xml
10
11    <uses-permission android:name="android.permission.INTERNET" />
11-->src/main/AndroidManifest.xml:6:5-67
11-->src/main/AndroidManifest.xml:6:22-64
12    <uses-permission android:name="android.permission.CAMERA" />
12-->[:becomedigitalsdk] AndroidManifest.xml:10:5-65
12-->[:becomedigitalsdk] AndroidManifest.xml:10:22-62
13    <uses-permission android:name="android.permission.WRITE_EXTERNAL_STORAGE" />
13-->[:becomedigitalsdk] AndroidManifest.xml:11:5-81
13-->[:becomedigitalsdk] AndroidManifest.xml:11:22-78
14    <uses-permission android:name="android.permission.READ_EXTERNAL_STORAGE" />
14-->[:becomedigitalsdk] AndroidManifest.xml:12:5-80
14-->[:becomedigitalsdk] AndroidManifest.xml:12:22-77
15    <uses-permission android:name="android.permission.RECORD_AUDIO" />
15-->[:becomedigitalsdk] AndroidManifest.xml:13:5-71
15-->[:becomedigitalsdk] AndroidManifest.xml:13:22-68
16
17    <uses-feature android:name="android.hardware.camera" />
17-->[:becomedigitalsdk] AndroidManifest.xml:15:5-60
17-->[:becomedigitalsdk] AndroidManifest.xml:15:19-57
18    <uses-feature android:name="android.hardware.camera.autofocus" />
18-->[:becomedigitalsdk] AndroidManifest.xml:16:5-70
18-->[:becomedigitalsdk] AndroidManifest.xml:16:19-67
19    <uses-feature android:name="android.hardware.camera.front" />
19-->[:becomedigitalsdk] AndroidManifest.xml:17:5-66
19-->[:becomedigitalsdk] AndroidManifest.xml:17:19-63
20    <uses-feature android:name="android.hardware.camera.front.autofocus" />
20-->[:becomedigitalsdk] AndroidManifest.xml:18:5-76
20-->[:becomedigitalsdk] AndroidManifest.xml:18:19-73
21
22    <supports-screens
22-->[com.microblink:blinkid:5.16.0] AndroidManifest.xml:11:5-16:39
23        android:anyDensity="true"
23-->[com.microblink:blinkid:5.16.0] AndroidManifest.xml:12:9-34
24        android:largeScreens="true"
24-->[com.microblink:blinkid:5.16.0] AndroidManifest.xml:13:9-36
25        android:normalScreens="true"
25-->[com.microblink:blinkid:5.16.0] AndroidManifest.xml:14:9-37
26        android:resizeable="true"
26-->[com.microblink:blinkid:5.16.0] AndroidManifest.xml:15:9-34
27        android:smallScreens="true" />
27-->[com.microblink:blinkid:5.16.0] AndroidManifest.xml:16:9-36
28
29    <uses-permission android:name="android.permission.FLASHLIGHT" />
29-->[com.microblink:blinkid:5.16.0] AndroidManifest.xml:19:5-69
29-->[com.microblink:blinkid:5.16.0] AndroidManifest.xml:19:22-66
30
31    <uses-feature
31-->[com.microblink:blinkid:5.16.0] AndroidManifest.xml:27:5-29:36
32        android:name="android.hardware.camera.flash"
32-->[com.microblink:blinkid:5.16.0] AndroidManifest.xml:28:9-53
33        android:required="false" />
33-->[com.microblink:blinkid:5.16.0] AndroidManifest.xml:29:9-33
34    <uses-feature
34-->[com.microblink:blinkid:5.16.0] AndroidManifest.xml:30:5-33:20
35        android:glEsVersion="0x00020000"
35-->[com.microblink:blinkid:5.16.0] AndroidManifest.xml:31:9-41
36        android:required="false" >
36-->[com.microblink:blinkid:5.16.0] AndroidManifest.xml:32:9-33
37    </uses-feature>
38
39    <application
39-->src/main/AndroidManifest.xml:8:5-27:19
40        android:allowBackup="true"
40-->src/main/AndroidManifest.xml:9:9-35
41        android:appComponentFactory="androidx.core.app.CoreComponentFactory"
41-->[androidx.core:core:1.7.0] AndroidManifest.xml:24:18-86
42        android:hardwareAccelerated="true"
42-->[:becomedigitalsdk] AndroidManifest.xml:21:9-43
43        android:icon="@mipmap/ic_launcher_bcdi"
43-->src/main/AndroidManifest.xml:10:9-48
44        android:label="@string/app_name"
44-->src/main/AndroidManifest.xml:11:9-41
45        android:largeHeap="true"
45-->[:becomedigitalsdk] AndroidManifest.xml:22:9-33
46        android:requestLegacyExternalStorage="true"
46-->src/main/AndroidManifest.xml:12:9-52
47        android:roundIcon="@mipmap/ic_launcher_bcdi_round"
47-->src/main/AndroidManifest.xml:13:9-59
48        android:supportsRtl="true"
48-->src/main/AndroidManifest.xml:14:9-35
49        android:theme="@style/AppTheme" >
49-->src/main/AndroidManifest.xml:15:9-40
50        <activity
50-->src/main/AndroidManifest.xml:17:9-25:20
51            android:name="com.becomedigital.sdk.identity.becomedigitalsdkiv.MainActivity"
51-->src/main/AndroidManifest.xml:17:19-47
52            android:exported="true"
52-->src/main/AndroidManifest.xml:18:13-36
53            android:screenOrientation="portrait" >
53-->src/main/AndroidManifest.xml:19:13-49
54            <intent-filter>
54-->src/main/AndroidManifest.xml:20:13-24:29
55                <action android:name="android.intent.action.MAIN" />
55-->src/main/AndroidManifest.xml:21:17-69
55-->src/main/AndroidManifest.xml:21:25-66
56
57                <category android:name="android.intent.category.LAUNCHER" />
57-->src/main/AndroidManifest.xml:23:17-77
57-->src/main/AndroidManifest.xml:23:27-74
58            </intent-filter>
59        </activity>
60        <activity
60-->[:becomedigitalsdk] AndroidManifest.xml:24:9-26:52
61            android:name="com.becomedigital.sdk.identity.becomedigitalsdk.StartActivity"
61-->[:becomedigitalsdk] AndroidManifest.xml:25:13-89
62            android:screenOrientation="portrait" />
62-->[:becomedigitalsdk] AndroidManifest.xml:26:13-49
63        <activity
63-->[:becomedigitalsdk] AndroidManifest.xml:27:9-29:52
64            android:name="com.becomedigital.sdk.identity.becomedigitalsdk.MainBDIV"
64-->[:becomedigitalsdk] AndroidManifest.xml:28:13-84
65            android:screenOrientation="portrait" />
65-->[:becomedigitalsdk] AndroidManifest.xml:29:13-49
66        <activity
66-->[com.microblink:blinkid:5.16.0] AndroidManifest.xml:38:9-42:20
67            android:name="com.microblink.activity.DocumentScanActivity"
67-->[com.microblink:blinkid:5.16.0] AndroidManifest.xml:39:13-72
68            android:configChanges="orientation|screenSize"
68-->[com.microblink:blinkid:5.16.0] AndroidManifest.xml:40:13-59
69            android:screenOrientation="nosensor" >
69-->[com.microblink:blinkid:5.16.0] AndroidManifest.xml:41:13-49
70        </activity>
71        <activity
71-->[com.microblink:blinkid:5.16.0] AndroidManifest.xml:43:9-47:20
72            android:name="com.microblink.activity.LegacyDocumentVerificationActivity"
72-->[com.microblink:blinkid:5.16.0] AndroidManifest.xml:44:13-86
73            android:configChanges="orientation|screenSize"
73-->[com.microblink:blinkid:5.16.0] AndroidManifest.xml:45:13-59
74            android:screenOrientation="nosensor" >
74-->[com.microblink:blinkid:5.16.0] AndroidManifest.xml:46:13-49
75        </activity>
76        <activity
76-->[com.microblink:blinkid:5.16.0] AndroidManifest.xml:48:9-52:20
77            android:name="com.microblink.activity.BlinkIdActivity"
77-->[com.microblink:blinkid:5.16.0] AndroidManifest.xml:49:13-67
78            android:configChanges="orientation|screenSize"
78-->[com.microblink:blinkid:5.16.0] AndroidManifest.xml:50:13-59
79            android:screenOrientation="sensor" >
79-->[com.microblink:blinkid:5.16.0] AndroidManifest.xml:51:13-47
80        </activity>
81
82        <provider
82-->[androidx.emoji2:emoji2:1.0.0] AndroidManifest.xml:26:9-34:20
83            android:name="androidx.startup.InitializationProvider"
83-->[androidx.emoji2:emoji2:1.0.0] AndroidManifest.xml:27:13-67
84            android:authorities="com.becomedigital.sdk.identity.becomedigitalsdkiv.mb.androidx-startup"
84-->[androidx.emoji2:emoji2:1.0.0] AndroidManifest.xml:28:13-68
85            android:exported="false" >
85-->[androidx.emoji2:emoji2:1.0.0] AndroidManifest.xml:29:13-37
86            <meta-data
86-->[androidx.emoji2:emoji2:1.0.0] AndroidManifest.xml:31:13-33:52
87                android:name="androidx.emoji2.text.EmojiCompatInitializer"
87-->[androidx.emoji2:emoji2:1.0.0] AndroidManifest.xml:32:17-75
88                android:value="androidx.startup" />
88-->[androidx.emoji2:emoji2:1.0.0] AndroidManifest.xml:33:17-49
89            <meta-data
89-->[androidx.lifecycle:lifecycle-process:2.4.0] AndroidManifest.xml:31:13-33:52
90                android:name="androidx.lifecycle.ProcessLifecycleInitializer"
90-->[androidx.lifecycle:lifecycle-process:2.4.0] AndroidManifest.xml:32:17-78
91                android:value="androidx.startup" />
91-->[androidx.lifecycle:lifecycle-process:2.4.0] AndroidManifest.xml:33:17-49
92        </provider>
93    </application>
94
95</manifest>